Warning: duplicate option '-nosplit' overrides previous value. (CMD-018)
 
****************************************
Report : area
Design : arm
Version: J-2014.09-SP4
Date   : Mon Feb 27 22:19:44 2017
****************************************

Library(s) Used:

    saed32lvt_tt1p05vn40c (File: /users/ugrad2/2012/spring/pooriam/libraries/saed32lvt_tt1p05vn40c.db)

Number of ports:                          167
Number of nets:                          7318
Number of cells:                         7193
Number of combinational cells:           6663
Number of sequential cells:               530
Number of macros/black boxes:               0
Number of buf/inv:                        714
Number of references:                      66

Combinational area:              14720.783024
Buf/Inv area:                      946.178115
Noncombinational area:            3498.800556
Macro/Black Box area:                0.000000
Net Interconnect area:            6464.287991

Total cell area:                 18219.583580
Total area:                      24683.871571

The above information was reported from the logical library. The following are from the physical library:

Hierarchical area distribution
------------------------------

                                  Global cell area            Local cell area
                                  -------------------  ----------------------------- 
Hierarchical cell                 Absolute    Percent  Combi-      Noncombi-  Black-
                                  Total       Total    national    national   boxes   Design
--------------------------------  ----------  -------  ----------  ---------  ------  ---------
arm                               18219.5836    100.0  14720.7830  3498.8006  0.0000  arm
--------------------------------  ----------  -------  ----------  ---------  ------  ---------
Total                                                  14720.7830  3498.8006  0.0000


Area of detected synthetic parts
--------------------------------
  No DW parts to report!

Estimated area of ungrouped synthetic parts
-------------------------------------------
                                       Estimated  Perc. of
  Module               Implem.  Count       Area cell area
  -------------------- -------  ----- ---------- ---------
  DP_OP_100J1_124_8941     str      1  1027.5026      5.6%
  DP_OP_101J1_125_7886     str      1   765.4805      4.2%
  DP_OP_98J1_122_1120      str      1   637.3934      3.5%
  DP_OP_99J1_123_8941      str      1   987.0938      5.4%
  DW01_sub              pparch      1   755.5689      4.1%
  DW_leftsh               astr      2   720.4987      4.0%
  DW_rightsh              astr      6  2173.1871     11.9%
  -------------------- -------  ----- ---------- ---------
  DP_OP Subtotal:                   4  3417.4703     18.8%
  Total:                           13  7066.7250     38.8%

Subtotal of datapath(DP_OP) cell area:  3417.4703  18.8%  (estimated)
Total synthetic cell area:              7066.7250  38.8%  (estimated)

1
