analyze -format sverilog {    shifter.sv    adder.sv    alu.sv    arm.sv    condlogic.sv    controller.sv    datapath.sv    decoder.sv    extend.sv    flopenr.sv    flopr.sv    mux2.sv    regfile.sv    top.sv }Running PRESTO HDLC
Searching for ./shifter.sv
Searching for /ecelib/linware/synopsys15/dc/libraries/syn/shifter.sv
Searching for /ecelib/linware/synopsys15/dc/packages/shifter.sv
Searching for /ecelib/linware/synopsys15/dc/packages/IEEE/shifter.sv
Searching for /users/ugrad2/2012/spring/pooriam/libraries/shifter.sv
Searching for ../design/shifter.sv
Searching for ./adder.sv
Searching for /ecelib/linware/synopsys15/dc/libraries/syn/adder.sv
Searching for /ecelib/linware/synopsys15/dc/packages/adder.sv
Searching for /ecelib/linware/synopsys15/dc/packages/IEEE/adder.sv
Searching for /users/ugrad2/2012/spring/pooriam/libraries/adder.sv
Searching for ../design/adder.sv
Searching for ./alu.sv
Searching for /ecelib/linware/synopsys15/dc/libraries/syn/alu.sv
Searching for /ecelib/linware/synopsys15/dc/packages/alu.sv
Searching for /ecelib/linware/synopsys15/dc/packages/IEEE/alu.sv
Searching for /users/ugrad2/2012/spring/pooriam/libraries/alu.sv
Searching for ../design/alu.sv
Searching for ./arm.sv
Searching for /ecelib/linware/synopsys15/dc/libraries/syn/arm.sv
Searching for /ecelib/linware/synopsys15/dc/packages/arm.sv
Searching for /ecelib/linware/synopsys15/dc/packages/IEEE/arm.sv
Searching for /users/ugrad2/2012/spring/pooriam/libraries/arm.sv
Searching for ../design/arm.sv
Searching for ./condlogic.sv
Searching for /ecelib/linware/synopsys15/dc/libraries/syn/condlogic.sv
Searching for /ecelib/linware/synopsys15/dc/packages/condlogic.sv
Searching for /ecelib/linware/synopsys15/dc/packages/IEEE/condlogic.sv
Searching for /users/ugrad2/2012/spring/pooriam/libraries/condlogic.sv
Searching for ../design/condlogic.sv
Searching for ./controller.sv
Searching for /ecelib/linware/synopsys15/dc/libraries/syn/controller.sv
Searching for /ecelib/linware/synopsys15/dc/packages/controller.sv
Searching for /ecelib/linware/synopsys15/dc/packages/IEEE/controller.sv
Searching for /users/ugrad2/2012/spring/pooriam/libraries/controller.sv
Searching for ../design/controller.sv
Searching for ./datapath.sv
Searching for /ecelib/linware/synopsys15/dc/libraries/syn/datapath.sv
Searching for /ecelib/linware/synopsys15/dc/packages/datapath.sv
Searching for /ecelib/linware/synopsys15/dc/packages/IEEE/datapath.sv
Searching for /users/ugrad2/2012/spring/pooriam/libraries/datapath.sv
Searching for ../design/datapath.sv
Searching for ./decoder.sv
Searching for /ecelib/linware/synopsys15/dc/libraries/syn/decoder.sv
Searching for /ecelib/linware/synopsys15/dc/packages/decoder.sv
Searching for /ecelib/linware/synopsys15/dc/packages/IEEE/decoder.sv
Searching for /users/ugrad2/2012/spring/pooriam/libraries/decoder.sv
Searching for ../design/decoder.sv
Searching for ./extend.sv
Searching for /ecelib/linware/synopsys15/dc/libraries/syn/extend.sv
Searching for /ecelib/linware/synopsys15/dc/packages/extend.sv
Searching for /ecelib/linware/synopsys15/dc/packages/IEEE/extend.sv
Searching for /users/ugrad2/2012/spring/pooriam/libraries/extend.sv
Searching for ../design/extend.sv
Searching for ./flopenr.sv
Searching for /ecelib/linware/synopsys15/dc/libraries/syn/flopenr.sv
Searching for /ecelib/linware/synopsys15/dc/packages/flopenr.sv
Searching for /ecelib/linware/synopsys15/dc/packages/IEEE/flopenr.sv
Searching for /users/ugrad2/2012/spring/pooriam/libraries/flopenr.sv
Searching for ../design/flopenr.sv
Searching for ./flopr.sv
Searching for /ecelib/linware/synopsys15/dc/libraries/syn/flopr.sv
Searching for /ecelib/linware/synopsys15/dc/packages/flopr.sv
Searching for /ecelib/linware/synopsys15/dc/packages/IEEE/flopr.sv
Searching for /users/ugrad2/2012/spring/pooriam/libraries/flopr.sv
Searching for ../design/flopr.sv
Searching for ./mux2.sv
Searching for /ecelib/linware/synopsys15/dc/libraries/syn/mux2.sv
Searching for /ecelib/linware/synopsys15/dc/packages/mux2.sv
Searching for /ecelib/linware/synopsys15/dc/packages/IEEE/mux2.sv
Searching for /users/ugrad2/2012/spring/pooriam/libraries/mux2.sv
Searching for ../design/mux2.sv
Searching for ./regfile.sv
Searching for /ecelib/linware/synopsys15/dc/libraries/syn/regfile.sv
Searching for /ecelib/linware/synopsys15/dc/packages/regfile.sv
Searching for /ecelib/linware/synopsys15/dc/packages/IEEE/regfile.sv
Searching for /users/ugrad2/2012/spring/pooriam/libraries/regfile.sv
Searching for ../design/regfile.sv
Searching for ./top.sv
Searching for /ecelib/linware/synopsys15/dc/libraries/syn/top.sv
Searching for /ecelib/linware/synopsys15/dc/packages/top.sv
Searching for /ecelib/linware/synopsys15/dc/packages/IEEE/top.sv
Searching for /users/ugrad2/2012/spring/pooriam/libraries/top.sv
Searching for ../design/top.sv
Compiling source file ../design/shifter.sv
Compiling source file ../design/adder.sv
Compiling source file ../design/alu.sv
Compiling source file ../design/arm.sv
Compiling source file ../design/condlogic.sv
Compiling source file ../design/controller.sv
Compiling source file ../design/datapath.sv
Compiling source file ../design/decoder.sv
Compiling source file ../design/extend.sv
Compiling source file ../design/flopenr.sv
Compiling source file ../design/flopr.sv
Compiling source file ../design/mux2.sv
Compiling source file ../design/regfile.sv
Compiling source file ../design/top.sv
Presto compilation completed successfully.
Loading db file '/users/ugrad2/2012/spring/pooriam/libraries/saed32lvt_tt1p05vn40c.db'
Loading db file '/users/ugrad2/2012/spring/pooriam/libraries/saed32sram_tt1p05vn40c.db'
Loading db file '/ecelib/linware/synopsys15/dc/libraries/syn/dw_foundation.sldb'
1
1
